<?xml version="1.0" encoding="UTF-8"?>
<!-- Generated by org.testng.reporters.JUnitReportReporter -->
<testsuite skipped="0" hostname="QuocNguyen84" name="mainpage.HomePageTest" tests="1" failures="0" timestamp="31 May 2019 15:15:31 GMT" time="44.497" errors="0">
  <testcase name="testHomePage" time="44.497" classname="mainpage.HomePageTest"/>
</testsuite> <!-- mainpage.HomePageTest -->
